[ 2024-11-26 19:43:00,438 ] 30 root - INFO - Successfully connected to the database 'Retail_Store'
[ 2024-11-26 19:43:00,438 ] 18 root - INFO - Database connection is created successfully
[ 2024-11-26 19:43:00,438 ] 12 root - INFO - Features connection was established
[ 2024-11-26 19:43:00,438 ] 22 root - INFO - Connection was established for features
[ 2024-11-26 19:43:00,705 ] 67 root - INFO - Connection successfully closed.
[ 2024-11-26 19:43:00,705 ] 85 root - INFO - Database connection closed successfully.
[ 2024-11-26 19:43:18,458 ] 30 root - INFO - Successfully connected to the database 'Retail_Store'
[ 2024-11-26 19:43:18,458 ] 18 root - INFO - Database connection is created successfully
[ 2024-11-26 19:43:18,459 ] 12 root - INFO - Features connection was established
[ 2024-11-26 19:43:18,459 ] 22 root - INFO - Connection was established for features
[ 2024-11-26 19:43:18,481 ] 67 root - INFO - Connection successfully closed.
[ 2024-11-26 19:43:18,481 ] 85 root - INFO - Database connection closed successfully.
[ 2024-11-26 19:43:25,578 ] 30 root - INFO - Successfully connected to the database 'Retail_Store'
[ 2024-11-26 19:43:25,578 ] 18 root - INFO - Database connection is created successfully
[ 2024-11-26 19:43:25,578 ] 12 root - INFO - Features connection was established
[ 2024-11-26 19:43:25,578 ] 22 root - INFO - Connection was established for features
[ 2024-11-26 19:43:25,585 ] 67 root - INFO - Connection successfully closed.
[ 2024-11-26 19:43:25,585 ] 85 root - INFO - Database connection closed successfully.
[ 2024-11-26 20:08:51,286 ] 30 root - INFO - Successfully connected to the database 'Retail_Store'
[ 2024-11-26 20:08:51,286 ] 18 root - INFO - Database connection is created successfully
[ 2024-11-26 20:08:51,286 ] 12 root - INFO - Features connection was established
[ 2024-11-26 20:08:51,286 ] 22 root - INFO - Connection was established for features
[ 2024-11-26 20:08:51,286 ] 67 root - INFO - Connection successfully closed.
[ 2024-11-26 20:08:51,286 ] 85 root - INFO - Database connection closed successfully.
[ 2024-11-26 20:08:55,084 ] 30 root - INFO - Successfully connected to the database 'Retail_Store'
[ 2024-11-26 20:08:55,084 ] 18 root - INFO - Database connection is created successfully
[ 2024-11-26 20:08:55,084 ] 12 root - INFO - Features connection was established
[ 2024-11-26 20:08:55,085 ] 22 root - INFO - Connection was established for features
[ 2024-11-26 20:08:55,105 ] 67 root - INFO - Connection successfully closed.
[ 2024-11-26 20:08:55,106 ] 85 root - INFO - Database connection closed successfully.
[ 2024-11-26 20:18:04,605 ] 30 root - INFO - Successfully connected to the database 'Retail_Store'
[ 2024-11-26 20:18:04,621 ] 18 root - INFO - Database connection is created successfully
[ 2024-11-26 20:18:04,621 ] 12 root - INFO - Features connection was established
[ 2024-11-26 20:18:04,621 ] 22 root - INFO - Connection was established for features
[ 2024-11-26 20:18:04,621 ] 67 root - INFO - Connection successfully closed.
[ 2024-11-26 20:18:04,621 ] 85 root - INFO - Database connection closed successfully.
[ 2024-11-26 20:18:07,104 ] 30 root - INFO - Successfully connected to the database 'Retail_Store'
[ 2024-11-26 20:18:07,104 ] 18 root - INFO - Database connection is created successfully
[ 2024-11-26 20:18:07,104 ] 12 root - INFO - Features connection was established
[ 2024-11-26 20:18:07,104 ] 22 root - INFO - Connection was established for features
[ 2024-11-26 20:18:07,117 ] 67 root - INFO - Connection successfully closed.
[ 2024-11-26 20:18:07,117 ] 85 root - INFO - Database connection closed successfully.
[ 2024-11-26 20:18:08,933 ] 30 root - INFO - Successfully connected to the database 'Retail_Store'
[ 2024-11-26 20:18:08,933 ] 18 root - INFO - Database connection is created successfully
[ 2024-11-26 20:18:08,933 ] 12 root - INFO - Features connection was established
[ 2024-11-26 20:18:08,933 ] 22 root - INFO - Connection was established for features
[ 2024-11-26 20:18:08,938 ] 110 root - ERROR - Error occurred while searching for the customer: cannot access local variable 'results' where it is not associated with a value
[ 2024-11-26 20:18:08,938 ] 67 root - INFO - Connection successfully closed.
[ 2024-11-26 20:18:08,939 ] 85 root - INFO - Database connection closed successfully.
[ 2024-11-26 20:18:13,023 ] 30 root - INFO - Successfully connected to the database 'Retail_Store'
[ 2024-11-26 20:18:13,024 ] 18 root - INFO - Database connection is created successfully
[ 2024-11-26 20:18:13,024 ] 12 root - INFO - Features connection was established
[ 2024-11-26 20:18:13,024 ] 22 root - INFO - Connection was established for features
[ 2024-11-26 20:18:13,035 ] 110 root - ERROR - Error occurred while searching for the customer: cannot access local variable 'results' where it is not associated with a value
[ 2024-11-26 20:18:13,035 ] 67 root - INFO - Connection successfully closed.
[ 2024-11-26 20:18:13,036 ] 85 root - INFO - Database connection closed successfully.
[ 2024-11-26 20:20:01,173 ] 30 root - INFO - Successfully connected to the database 'Retail_Store'
[ 2024-11-26 20:20:01,173 ] 18 root - INFO - Database connection is created successfully
[ 2024-11-26 20:20:01,173 ] 12 root - INFO - Features connection was established
[ 2024-11-26 20:20:01,173 ] 22 root - INFO - Connection was established for features
[ 2024-11-26 20:20:01,175 ] 67 root - INFO - Connection successfully closed.
[ 2024-11-26 20:20:01,175 ] 85 root - INFO - Database connection closed successfully.
[ 2024-11-26 20:20:03,736 ] 30 root - INFO - Successfully connected to the database 'Retail_Store'
[ 2024-11-26 20:20:03,736 ] 18 root - INFO - Database connection is created successfully
[ 2024-11-26 20:20:03,736 ] 12 root - INFO - Features connection was established
[ 2024-11-26 20:20:03,736 ] 22 root - INFO - Connection was established for features
[ 2024-11-26 20:20:03,746 ] 67 root - INFO - Connection successfully closed.
[ 2024-11-26 20:20:03,746 ] 85 root - INFO - Database connection closed successfully.
[ 2024-11-26 20:20:07,136 ] 30 root - INFO - Successfully connected to the database 'Retail_Store'
[ 2024-11-26 20:20:07,136 ] 18 root - INFO - Database connection is created successfully
[ 2024-11-26 20:20:07,136 ] 12 root - INFO - Features connection was established
[ 2024-11-26 20:20:07,136 ] 22 root - INFO - Connection was established for features
[ 2024-11-26 20:20:07,139 ] 110 root - ERROR - Error occurred while searching for the customer: cannot access local variable 'results' where it is not associated with a value
[ 2024-11-26 20:20:07,139 ] 67 root - INFO - Connection successfully closed.
[ 2024-11-26 20:20:07,139 ] 85 root - INFO - Database connection closed successfully.
[ 2024-11-26 20:20:08,866 ] 30 root - INFO - Successfully connected to the database 'Retail_Store'
[ 2024-11-26 20:20:08,866 ] 18 root - INFO - Database connection is created successfully
[ 2024-11-26 20:20:08,866 ] 12 root - INFO - Features connection was established
[ 2024-11-26 20:20:08,866 ] 22 root - INFO - Connection was established for features
[ 2024-11-26 20:20:08,870 ] 110 root - ERROR - Error occurred while searching for the customer: cannot access local variable 'results' where it is not associated with a value
[ 2024-11-26 20:20:08,870 ] 67 root - INFO - Connection successfully closed.
[ 2024-11-26 20:20:08,871 ] 85 root - INFO - Database connection closed successfully.
