[ 2024-11-28 22:12:31,733 ] 151 mysql.connector - INFO - package: mysql.connector.plugins
[ 2024-11-28 22:12:31,733 ] 152 mysql.connector - INFO - plugin_name: caching_sha2_password
[ 2024-11-28 22:12:31,733 ] 156 mysql.connector - INFO - AUTHENTICATION_PLUGIN_CLASS: MySQLCachingSHA2PasswordAuthPlugin
[ 2024-11-28 22:12:31,750 ] 30 root - INFO - Successfully connected to the database 'Retail_Store'
[ 2024-11-28 22:12:31,750 ] 24 root - INFO - Database connection is created successfully
[ 2024-11-28 22:12:31,750 ] 12 root - INFO - Features connection was established
[ 2024-11-28 22:12:31,750 ] 28 root - INFO - Connection was established for features
[ 2024-11-28 22:12:31,750 ] 16 root - INFO - For refresh, the data connection was established.
[ 2024-11-28 22:12:32,179 ] 67 root - INFO - Connection successfully closed.
[ 2024-11-28 22:12:32,180 ] 126 root - INFO - Database connection closed successfully.
[ 2024-11-28 22:12:36,300 ] 30 root - INFO - Successfully connected to the database 'Retail_Store'
[ 2024-11-28 22:12:36,300 ] 24 root - INFO - Database connection is created successfully
[ 2024-11-28 22:12:36,300 ] 12 root - INFO - Features connection was established
[ 2024-11-28 22:12:36,300 ] 28 root - INFO - Connection was established for features
[ 2024-11-28 22:12:36,300 ] 16 root - INFO - For refresh, the data connection was established.
[ 2024-11-28 22:12:36,336 ] 67 root - INFO - Connection successfully closed.
[ 2024-11-28 22:12:36,338 ] 126 root - INFO - Database connection closed successfully.
[ 2024-11-28 22:12:37,250 ] 30 root - INFO - Successfully connected to the database 'Retail_Store'
[ 2024-11-28 22:12:37,250 ] 24 root - INFO - Database connection is created successfully
[ 2024-11-28 22:12:37,250 ] 12 root - INFO - Features connection was established
[ 2024-11-28 22:12:37,250 ] 28 root - INFO - Connection was established for features
[ 2024-11-28 22:12:37,250 ] 16 root - INFO - For refresh, the data connection was established.
[ 2024-11-28 22:12:37,250 ] 67 root - INFO - Connection successfully closed.
[ 2024-11-28 22:12:37,250 ] 126 root - INFO - Database connection closed successfully.
[ 2024-11-28 22:12:38,499 ] 30 root - INFO - Successfully connected to the database 'Retail_Store'
[ 2024-11-28 22:12:38,499 ] 24 root - INFO - Database connection is created successfully
[ 2024-11-28 22:12:38,499 ] 12 root - INFO - Features connection was established
[ 2024-11-28 22:12:38,499 ] 28 root - INFO - Connection was established for features
[ 2024-11-28 22:12:38,499 ] 16 root - INFO - For refresh, the data connection was established.
[ 2024-11-28 22:12:38,513 ] 67 root - INFO - Connection successfully closed.
[ 2024-11-28 22:12:38,515 ] 126 root - INFO - Database connection closed successfully.
[ 2024-11-28 22:12:40,815 ] 30 root - INFO - Successfully connected to the database 'Retail_Store'
[ 2024-11-28 22:12:40,815 ] 24 root - INFO - Database connection is created successfully
[ 2024-11-28 22:12:40,815 ] 12 root - INFO - Features connection was established
[ 2024-11-28 22:12:40,815 ] 28 root - INFO - Connection was established for features
[ 2024-11-28 22:12:40,815 ] 16 root - INFO - For refresh, the data connection was established.
[ 2024-11-28 22:12:40,832 ] 67 root - INFO - Connection successfully closed.
[ 2024-11-28 22:12:40,832 ] 126 root - INFO - Database connection closed successfully.
[ 2024-11-28 22:12:45,483 ] 30 root - INFO - Successfully connected to the database 'Retail_Store'
[ 2024-11-28 22:12:45,483 ] 24 root - INFO - Database connection is created successfully
[ 2024-11-28 22:12:45,483 ] 12 root - INFO - Features connection was established
[ 2024-11-28 22:12:45,483 ] 28 root - INFO - Connection was established for features
[ 2024-11-28 22:12:45,483 ] 16 root - INFO - For refresh, the data connection was established.
[ 2024-11-28 22:12:45,494 ] 67 root - INFO - Connection successfully closed.
[ 2024-11-28 22:12:45,496 ] 126 root - INFO - Database connection closed successfully.
[ 2024-11-28 22:12:49,243 ] 30 root - INFO - Successfully connected to the database 'Retail_Store'
[ 2024-11-28 22:12:49,243 ] 24 root - INFO - Database connection is created successfully
[ 2024-11-28 22:12:49,243 ] 12 root - INFO - Features connection was established
[ 2024-11-28 22:12:49,243 ] 28 root - INFO - Connection was established for features
[ 2024-11-28 22:12:49,243 ] 16 root - INFO - For refresh, the data connection was established.
[ 2024-11-28 22:12:49,243 ] 120 root - ERROR - Database connection error: 'Load_data' object has no attribute 'load_data'
[ 2024-11-28 22:12:49,247 ] 67 root - INFO - Connection successfully closed.
[ 2024-11-28 22:12:49,249 ] 126 root - INFO - Database connection closed successfully.
[ 2024-11-28 22:14:30,386 ] 30 root - INFO - Successfully connected to the database 'Retail_Store'
[ 2024-11-28 22:14:30,386 ] 24 root - INFO - Database connection is created successfully
[ 2024-11-28 22:14:30,386 ] 12 root - INFO - Features connection was established
[ 2024-11-28 22:14:30,386 ] 28 root - INFO - Connection was established for features
[ 2024-11-28 22:14:30,386 ] 16 root - INFO - For refresh, the data connection was established.
[ 2024-11-28 22:14:30,391 ] 67 root - INFO - Connection successfully closed.
[ 2024-11-28 22:14:30,392 ] 126 root - INFO - Database connection closed successfully.
[ 2024-11-28 22:14:39,340 ] 30 root - INFO - Successfully connected to the database 'Retail_Store'
[ 2024-11-28 22:14:39,340 ] 24 root - INFO - Database connection is created successfully
[ 2024-11-28 22:14:39,340 ] 12 root - INFO - Features connection was established
[ 2024-11-28 22:14:39,340 ] 28 root - INFO - Connection was established for features
[ 2024-11-28 22:14:39,340 ] 16 root - INFO - For refresh, the data connection was established.
[ 2024-11-28 22:14:39,340 ] 67 root - INFO - Connection successfully closed.
[ 2024-11-28 22:14:39,340 ] 126 root - INFO - Database connection closed successfully.
[ 2024-11-28 22:14:41,939 ] 30 root - INFO - Successfully connected to the database 'Retail_Store'
[ 2024-11-28 22:14:41,939 ] 24 root - INFO - Database connection is created successfully
[ 2024-11-28 22:14:41,939 ] 12 root - INFO - Features connection was established
[ 2024-11-28 22:14:41,939 ] 28 root - INFO - Connection was established for features
[ 2024-11-28 22:14:41,939 ] 16 root - INFO - For refresh, the data connection was established.
[ 2024-11-28 22:14:42,509 ] 120 root - ERROR - Database connection error: Value of 'x' is not the name of a column in 'data_frame'. Expected one of [0, 1, 2, 3, 4, 5, 6, 7, 8, 9] but received: date_column
[ 2024-11-28 22:14:42,509 ] 67 root - INFO - Connection successfully closed.
[ 2024-11-28 22:14:42,517 ] 126 root - INFO - Database connection closed successfully.
[ 2024-11-28 22:15:41,586 ] 30 root - INFO - Successfully connected to the database 'Retail_Store'
[ 2024-11-28 22:15:41,586 ] 24 root - INFO - Database connection is created successfully
[ 2024-11-28 22:15:41,586 ] 12 root - INFO - Features connection was established
[ 2024-11-28 22:15:41,586 ] 28 root - INFO - Connection was established for features
[ 2024-11-28 22:15:41,586 ] 16 root - INFO - For refresh, the data connection was established.
[ 2024-11-28 22:15:41,586 ] 67 root - INFO - Connection successfully closed.
[ 2024-11-28 22:15:41,586 ] 126 root - INFO - Database connection closed successfully.
[ 2024-11-28 22:15:44,773 ] 30 root - INFO - Successfully connected to the database 'Retail_Store'
[ 2024-11-28 22:15:44,773 ] 24 root - INFO - Database connection is created successfully
[ 2024-11-28 22:15:44,773 ] 12 root - INFO - Features connection was established
[ 2024-11-28 22:15:44,774 ] 28 root - INFO - Connection was established for features
[ 2024-11-28 22:15:44,774 ] 16 root - INFO - For refresh, the data connection was established.
[ 2024-11-28 22:15:44,774 ] 67 root - INFO - Connection successfully closed.
[ 2024-11-28 22:15:44,778 ] 126 root - INFO - Database connection closed successfully.
[ 2024-11-28 22:15:47,174 ] 30 root - INFO - Successfully connected to the database 'Retail_Store'
[ 2024-11-28 22:15:47,174 ] 24 root - INFO - Database connection is created successfully
[ 2024-11-28 22:15:47,174 ] 12 root - INFO - Features connection was established
[ 2024-11-28 22:15:47,174 ] 28 root - INFO - Connection was established for features
[ 2024-11-28 22:15:47,174 ] 16 root - INFO - For refresh, the data connection was established.
[ 2024-11-28 22:15:47,179 ] 67 root - INFO - Connection successfully closed.
[ 2024-11-28 22:15:47,181 ] 126 root - INFO - Database connection closed successfully.
[ 2024-11-28 22:15:53,357 ] 30 root - INFO - Successfully connected to the database 'Retail_Store'
[ 2024-11-28 22:15:53,357 ] 24 root - INFO - Database connection is created successfully
[ 2024-11-28 22:15:53,357 ] 12 root - INFO - Features connection was established
[ 2024-11-28 22:15:53,357 ] 28 root - INFO - Connection was established for features
[ 2024-11-28 22:15:53,357 ] 16 root - INFO - For refresh, the data connection was established.
[ 2024-11-28 22:15:53,389 ] 120 root - ERROR - Database connection error: Value of 'x' is not the name of a column in 'data_frame'. Expected one of [0, 1, 2, 3, 4, 5, 6, 7, 8, 9] but received: Date
[ 2024-11-28 22:15:53,390 ] 67 root - INFO - Connection successfully closed.
[ 2024-11-28 22:15:53,392 ] 126 root - INFO - Database connection closed successfully.
[ 2024-11-28 22:20:40,814 ] 30 root - INFO - Successfully connected to the database 'Retail_Store'
[ 2024-11-28 22:20:40,814 ] 24 root - INFO - Database connection is created successfully
[ 2024-11-28 22:20:40,814 ] 12 root - INFO - Features connection was established
[ 2024-11-28 22:20:40,814 ] 28 root - INFO - Connection was established for features
[ 2024-11-28 22:20:40,814 ] 16 root - INFO - For refresh, the data connection was established.
[ 2024-11-28 22:20:40,827 ] 67 root - INFO - Connection successfully closed.
[ 2024-11-28 22:20:40,828 ] 126 root - INFO - Database connection closed successfully.
[ 2024-11-28 22:20:42,643 ] 30 root - INFO - Successfully connected to the database 'Retail_Store'
[ 2024-11-28 22:20:42,643 ] 24 root - INFO - Database connection is created successfully
[ 2024-11-28 22:20:42,643 ] 12 root - INFO - Features connection was established
[ 2024-11-28 22:20:42,643 ] 28 root - INFO - Connection was established for features
[ 2024-11-28 22:20:42,643 ] 16 root - INFO - For refresh, the data connection was established.
[ 2024-11-28 22:20:42,643 ] 67 root - INFO - Connection successfully closed.
[ 2024-11-28 22:20:42,650 ] 126 root - INFO - Database connection closed successfully.
[ 2024-11-28 22:20:45,319 ] 30 root - INFO - Successfully connected to the database 'Retail_Store'
[ 2024-11-28 22:20:45,319 ] 24 root - INFO - Database connection is created successfully
[ 2024-11-28 22:20:45,319 ] 12 root - INFO - Features connection was established
[ 2024-11-28 22:20:45,319 ] 28 root - INFO - Connection was established for features
[ 2024-11-28 22:20:45,319 ] 16 root - INFO - For refresh, the data connection was established.
[ 2024-11-28 22:20:45,334 ] 54 root - INFO - Data fetched successfully for saving to CSV.
[ 2024-11-28 22:20:45,503 ] 70 root - INFO - Existing CSV file found. Appending new transactions.
[ 2024-11-28 22:20:45,625 ] 80 root - INFO - New transactions appended successfully.
[ 2024-11-28 22:20:45,625 ] 67 root - INFO - Connection successfully closed.
[ 2024-11-28 22:20:45,625 ] 126 root - INFO - Database connection closed successfully.
[ 2024-11-28 22:32:13,443 ] 30 root - INFO - Successfully connected to the database 'Retail_Store'
[ 2024-11-28 22:32:13,444 ] 24 root - INFO - Database connection is created successfully
[ 2024-11-28 22:32:13,444 ] 12 root - INFO - Features connection was established
[ 2024-11-28 22:32:13,444 ] 28 root - INFO - Connection was established for features
[ 2024-11-28 22:32:13,444 ] 16 root - INFO - For refresh, the data connection was established.
[ 2024-11-28 22:32:13,444 ] 67 root - INFO - Connection successfully closed.
[ 2024-11-28 22:32:13,444 ] 102 root - INFO - Database connection closed successfully.
[ 2024-11-28 22:32:16,778 ] 30 root - INFO - Successfully connected to the database 'Retail_Store'
[ 2024-11-28 22:32:16,778 ] 24 root - INFO - Database connection is created successfully
[ 2024-11-28 22:32:16,778 ] 12 root - INFO - Features connection was established
[ 2024-11-28 22:32:16,778 ] 28 root - INFO - Connection was established for features
[ 2024-11-28 22:32:16,778 ] 16 root - INFO - For refresh, the data connection was established.
[ 2024-11-28 22:32:16,793 ] 67 root - INFO - Connection successfully closed.
[ 2024-11-28 22:32:16,795 ] 102 root - INFO - Database connection closed successfully.
[ 2024-11-28 22:32:19,612 ] 30 root - INFO - Successfully connected to the database 'Retail_Store'
[ 2024-11-28 22:32:19,613 ] 24 root - INFO - Database connection is created successfully
[ 2024-11-28 22:32:19,613 ] 12 root - INFO - Features connection was established
[ 2024-11-28 22:32:19,613 ] 28 root - INFO - Connection was established for features
[ 2024-11-28 22:32:19,613 ] 16 root - INFO - For refresh, the data connection was established.
[ 2024-11-28 22:32:19,616 ] 67 root - INFO - Connection successfully closed.
[ 2024-11-28 22:32:19,618 ] 102 root - INFO - Database connection closed successfully.
[ 2024-11-28 22:32:50,888 ] 30 root - INFO - Successfully connected to the database 'Retail_Store'
[ 2024-11-28 22:32:50,888 ] 24 root - INFO - Database connection is created successfully
[ 2024-11-28 22:32:50,888 ] 12 root - INFO - Features connection was established
[ 2024-11-28 22:32:50,888 ] 28 root - INFO - Connection was established for features
[ 2024-11-28 22:32:50,888 ] 16 root - INFO - For refresh, the data connection was established.
[ 2024-11-28 22:32:50,892 ] 67 root - INFO - Connection successfully closed.
[ 2024-11-28 22:32:50,894 ] 102 root - INFO - Database connection closed successfully.
[ 2024-11-28 22:32:53,612 ] 30 root - INFO - Successfully connected to the database 'Retail_Store'
[ 2024-11-28 22:32:53,827 ] 24 root - INFO - Database connection is created successfully
[ 2024-11-28 22:32:53,827 ] 12 root - INFO - Features connection was established
[ 2024-11-28 22:32:53,827 ] 28 root - INFO - Connection was established for features
[ 2024-11-28 22:32:53,827 ] 16 root - INFO - For refresh, the data connection was established.
[ 2024-11-28 22:32:53,846 ] 67 root - INFO - Connection successfully closed.
[ 2024-11-28 22:32:53,848 ] 102 root - INFO - Database connection closed successfully.
[ 2024-11-28 22:39:50,770 ] 30 root - INFO - Successfully connected to the database 'Retail_Store'
[ 2024-11-28 22:39:50,770 ] 24 root - INFO - Database connection is created successfully
[ 2024-11-28 22:39:50,770 ] 12 root - INFO - Features connection was established
[ 2024-11-28 22:39:50,770 ] 28 root - INFO - Connection was established for features
[ 2024-11-28 22:39:50,770 ] 16 root - INFO - For refresh, the data connection was established.
[ 2024-11-28 22:39:50,776 ] 67 root - INFO - Connection successfully closed.
[ 2024-11-28 22:39:50,778 ] 119 root - INFO - Database connection closed successfully.
[ 2024-11-28 22:39:52,575 ] 30 root - INFO - Successfully connected to the database 'Retail_Store'
[ 2024-11-28 22:39:52,575 ] 24 root - INFO - Database connection is created successfully
[ 2024-11-28 22:39:52,575 ] 12 root - INFO - Features connection was established
[ 2024-11-28 22:39:52,575 ] 28 root - INFO - Connection was established for features
[ 2024-11-28 22:39:52,575 ] 16 root - INFO - For refresh, the data connection was established.
[ 2024-11-28 22:39:52,582 ] 67 root - INFO - Connection successfully closed.
[ 2024-11-28 22:39:52,584 ] 119 root - INFO - Database connection closed successfully.
[ 2024-11-28 22:39:54,449 ] 30 root - INFO - Successfully connected to the database 'Retail_Store'
[ 2024-11-28 22:39:54,449 ] 24 root - INFO - Database connection is created successfully
[ 2024-11-28 22:39:54,449 ] 12 root - INFO - Features connection was established
[ 2024-11-28 22:39:54,449 ] 28 root - INFO - Connection was established for features
[ 2024-11-28 22:39:54,449 ] 16 root - INFO - For refresh, the data connection was established.
[ 2024-11-28 22:39:54,449 ] 113 root - ERROR - Database connection error: local variable 'data' referenced before assignment
[ 2024-11-28 22:39:54,449 ] 67 root - INFO - Connection successfully closed.
[ 2024-11-28 22:39:54,456 ] 119 root - INFO - Database connection closed successfully.
[ 2024-11-28 22:41:55,252 ] 30 root - INFO - Successfully connected to the database 'Retail_Store'
[ 2024-11-28 22:41:55,252 ] 24 root - INFO - Database connection is created successfully
[ 2024-11-28 22:41:55,252 ] 12 root - INFO - Features connection was established
[ 2024-11-28 22:41:55,252 ] 28 root - INFO - Connection was established for features
[ 2024-11-28 22:41:55,252 ] 16 root - INFO - For refresh, the data connection was established.
[ 2024-11-28 22:41:55,269 ] 67 root - INFO - Connection successfully closed.
[ 2024-11-28 22:41:55,269 ] 120 root - INFO - Database connection closed successfully.
[ 2024-11-28 22:41:58,736 ] 30 root - INFO - Successfully connected to the database 'Retail_Store'
[ 2024-11-28 22:41:58,736 ] 24 root - INFO - Database connection is created successfully
[ 2024-11-28 22:41:58,736 ] 12 root - INFO - Features connection was established
[ 2024-11-28 22:41:58,736 ] 28 root - INFO - Connection was established for features
[ 2024-11-28 22:41:58,736 ] 16 root - INFO - For refresh, the data connection was established.
[ 2024-11-28 22:41:58,736 ] 67 root - INFO - Connection successfully closed.
[ 2024-11-28 22:41:58,742 ] 120 root - INFO - Database connection closed successfully.
[ 2024-11-28 22:42:02,452 ] 30 root - INFO - Successfully connected to the database 'Retail_Store'
[ 2024-11-28 22:42:02,452 ] 24 root - INFO - Database connection is created successfully
[ 2024-11-28 22:42:02,452 ] 12 root - INFO - Features connection was established
[ 2024-11-28 22:42:02,452 ] 28 root - INFO - Connection was established for features
[ 2024-11-28 22:42:02,452 ] 16 root - INFO - For refresh, the data connection was established.
[ 2024-11-28 22:42:02,468 ] 54 root - INFO - Data fetched successfully for saving to CSV.
[ 2024-11-28 22:42:02,471 ] 70 root - INFO - Existing CSV file found. Appending new transactions.
[ 2024-11-28 22:42:02,474 ] 80 root - INFO - New transactions appended successfully.
[ 2024-11-28 22:42:02,476 ] 67 root - INFO - Connection successfully closed.
[ 2024-11-28 22:42:02,478 ] 120 root - INFO - Database connection closed successfully.
[ 2024-11-28 22:42:21,062 ] 30 root - INFO - Successfully connected to the database 'Retail_Store'
[ 2024-11-28 22:42:21,062 ] 24 root - INFO - Database connection is created successfully
[ 2024-11-28 22:42:21,062 ] 12 root - INFO - Features connection was established
[ 2024-11-28 22:42:21,062 ] 28 root - INFO - Connection was established for features
[ 2024-11-28 22:42:21,062 ] 16 root - INFO - For refresh, the data connection was established.
[ 2024-11-28 22:42:21,062 ] 67 root - INFO - Connection successfully closed.
[ 2024-11-28 22:42:21,066 ] 120 root - INFO - Database connection closed successfully.
[ 2024-11-28 22:42:24,234 ] 30 root - INFO - Successfully connected to the database 'Retail_Store'
[ 2024-11-28 22:42:24,234 ] 24 root - INFO - Database connection is created successfully
[ 2024-11-28 22:42:24,234 ] 12 root - INFO - Features connection was established
[ 2024-11-28 22:42:24,234 ] 28 root - INFO - Connection was established for features
[ 2024-11-28 22:42:24,234 ] 16 root - INFO - For refresh, the data connection was established.
[ 2024-11-28 22:42:24,234 ] 67 root - INFO - Connection successfully closed.
[ 2024-11-28 22:42:24,246 ] 120 root - INFO - Database connection closed successfully.
[ 2024-11-28 22:46:47,524 ] 30 root - INFO - Successfully connected to the database 'Retail_Store'
[ 2024-11-28 22:46:47,524 ] 24 root - INFO - Database connection is created successfully
[ 2024-11-28 22:46:47,524 ] 12 root - INFO - Features connection was established
[ 2024-11-28 22:46:47,524 ] 28 root - INFO - Connection was established for features
[ 2024-11-28 22:46:47,524 ] 16 root - INFO - For refresh, the data connection was established.
[ 2024-11-28 22:46:47,524 ] 67 root - INFO - Connection successfully closed.
[ 2024-11-28 22:46:47,524 ] 117 root - INFO - Database connection closed successfully.
[ 2024-11-28 22:46:49,939 ] 30 root - INFO - Successfully connected to the database 'Retail_Store'
[ 2024-11-28 22:46:49,939 ] 24 root - INFO - Database connection is created successfully
[ 2024-11-28 22:46:49,939 ] 12 root - INFO - Features connection was established
[ 2024-11-28 22:46:49,939 ] 28 root - INFO - Connection was established for features
[ 2024-11-28 22:46:49,939 ] 16 root - INFO - For refresh, the data connection was established.
[ 2024-11-28 22:46:49,951 ] 67 root - INFO - Connection successfully closed.
[ 2024-11-28 22:46:49,955 ] 117 root - INFO - Database connection closed successfully.
[ 2024-11-28 22:46:52,188 ] 30 root - INFO - Successfully connected to the database 'Retail_Store'
[ 2024-11-28 22:46:52,188 ] 24 root - INFO - Database connection is created successfully
[ 2024-11-28 22:46:52,188 ] 12 root - INFO - Features connection was established
[ 2024-11-28 22:46:52,188 ] 28 root - INFO - Connection was established for features
[ 2024-11-28 22:46:52,188 ] 16 root - INFO - For refresh, the data connection was established.
[ 2024-11-28 22:46:52,210 ] 54 root - INFO - Data fetched successfully for saving to CSV.
[ 2024-11-28 22:46:52,214 ] 70 root - INFO - Existing CSV file found. Appending new transactions.
[ 2024-11-28 22:46:52,217 ] 80 root - INFO - New transactions appended successfully.
[ 2024-11-28 22:46:52,219 ] 67 root - INFO - Connection successfully closed.
[ 2024-11-28 22:46:52,221 ] 117 root - INFO - Database connection closed successfully.
[ 2024-11-28 22:47:01,889 ] 30 root - INFO - Successfully connected to the database 'Retail_Store'
[ 2024-11-28 22:47:01,889 ] 24 root - INFO - Database connection is created successfully
[ 2024-11-28 22:47:01,889 ] 12 root - INFO - Features connection was established
[ 2024-11-28 22:47:01,889 ] 28 root - INFO - Connection was established for features
[ 2024-11-28 22:47:01,889 ] 16 root - INFO - For refresh, the data connection was established.
[ 2024-11-28 22:47:01,894 ] 67 root - INFO - Connection successfully closed.
[ 2024-11-28 22:47:01,895 ] 117 root - INFO - Database connection closed successfully.
[ 2024-11-28 22:47:44,401 ] 30 root - INFO - Successfully connected to the database 'Retail_Store'
[ 2024-11-28 22:47:44,401 ] 24 root - INFO - Database connection is created successfully
[ 2024-11-28 22:47:44,401 ] 12 root - INFO - Features connection was established
[ 2024-11-28 22:47:44,401 ] 28 root - INFO - Connection was established for features
[ 2024-11-28 22:47:44,401 ] 16 root - INFO - For refresh, the data connection was established.
[ 2024-11-28 22:47:44,409 ] 67 root - INFO - Connection successfully closed.
[ 2024-11-28 22:47:44,411 ] 118 root - INFO - Database connection closed successfully.
[ 2024-11-28 22:47:46,568 ] 30 root - INFO - Successfully connected to the database 'Retail_Store'
[ 2024-11-28 22:47:46,568 ] 24 root - INFO - Database connection is created successfully
[ 2024-11-28 22:47:46,568 ] 12 root - INFO - Features connection was established
[ 2024-11-28 22:47:46,568 ] 28 root - INFO - Connection was established for features
[ 2024-11-28 22:47:46,568 ] 16 root - INFO - For refresh, the data connection was established.
[ 2024-11-28 22:47:46,587 ] 67 root - INFO - Connection successfully closed.
[ 2024-11-28 22:47:46,590 ] 118 root - INFO - Database connection closed successfully.
[ 2024-11-28 22:47:48,745 ] 30 root - INFO - Successfully connected to the database 'Retail_Store'
[ 2024-11-28 22:47:48,745 ] 24 root - INFO - Database connection is created successfully
[ 2024-11-28 22:47:48,745 ] 12 root - INFO - Features connection was established
[ 2024-11-28 22:47:48,745 ] 28 root - INFO - Connection was established for features
[ 2024-11-28 22:47:48,745 ] 16 root - INFO - For refresh, the data connection was established.
[ 2024-11-28 22:47:48,751 ] 54 root - INFO - Data fetched successfully for saving to CSV.
[ 2024-11-28 22:47:48,756 ] 70 root - INFO - Existing CSV file found. Appending new transactions.
[ 2024-11-28 22:47:48,759 ] 80 root - INFO - New transactions appended successfully.
[ 2024-11-28 22:47:48,761 ] 67 root - INFO - Connection successfully closed.
[ 2024-11-28 22:47:48,761 ] 118 root - INFO - Database connection closed successfully.
[ 2024-11-28 22:59:29,954 ] 30 root - INFO - Successfully connected to the database 'Retail_Store'
[ 2024-11-28 22:59:29,954 ] 25 root - INFO - Database connection is created successfully
[ 2024-11-28 22:59:29,954 ] 12 root - INFO - Features connection was established
[ 2024-11-28 22:59:29,954 ] 29 root - INFO - Connection was established for features
[ 2024-11-28 22:59:29,954 ] 16 root - INFO - For refresh, the data connection was established.
[ 2024-11-28 22:59:29,954 ] 67 root - INFO - Connection successfully closed.
[ 2024-11-28 22:59:29,962 ] 146 root - INFO - Database connection closed successfully.
[ 2024-11-28 22:59:34,352 ] 30 root - INFO - Successfully connected to the database 'Retail_Store'
[ 2024-11-28 22:59:34,355 ] 25 root - INFO - Database connection is created successfully
[ 2024-11-28 22:59:34,355 ] 12 root - INFO - Features connection was established
[ 2024-11-28 22:59:34,355 ] 29 root - INFO - Connection was established for features
[ 2024-11-28 22:59:34,355 ] 16 root - INFO - For refresh, the data connection was established.
[ 2024-11-28 22:59:34,356 ] 67 root - INFO - Connection successfully closed.
[ 2024-11-28 22:59:34,362 ] 146 root - INFO - Database connection closed successfully.
[ 2024-11-28 22:59:36,437 ] 30 root - INFO - Successfully connected to the database 'Retail_Store'
[ 2024-11-28 22:59:36,437 ] 25 root - INFO - Database connection is created successfully
[ 2024-11-28 22:59:36,437 ] 12 root - INFO - Features connection was established
[ 2024-11-28 22:59:36,437 ] 29 root - INFO - Connection was established for features
[ 2024-11-28 22:59:36,437 ] 16 root - INFO - For refresh, the data connection was established.
[ 2024-11-28 22:59:36,442 ] 67 root - INFO - Connection successfully closed.
[ 2024-11-28 22:59:36,445 ] 146 root - INFO - Database connection closed successfully.
[ 2024-11-28 22:59:48,296 ] 30 root - INFO - Successfully connected to the database 'Retail_Store'
[ 2024-11-28 22:59:48,304 ] 25 root - INFO - Database connection is created successfully
[ 2024-11-28 22:59:48,304 ] 12 root - INFO - Features connection was established
[ 2024-11-28 22:59:48,304 ] 29 root - INFO - Connection was established for features
[ 2024-11-28 22:59:48,304 ] 16 root - INFO - For refresh, the data connection was established.
[ 2024-11-28 22:59:48,363 ] 54 root - INFO - Data fetched successfully for saving to CSV.
[ 2024-11-28 22:59:48,375 ] 70 root - INFO - Existing CSV file found. Appending new transactions.
[ 2024-11-28 22:59:48,375 ] 80 root - INFO - New transactions appended successfully.
[ 2024-11-28 22:59:48,391 ] 67 root - INFO - Connection successfully closed.
[ 2024-11-28 22:59:48,391 ] 146 root - INFO - Database connection closed successfully.
[ 2024-11-28 22:59:56,085 ] 30 root - INFO - Successfully connected to the database 'Retail_Store'
[ 2024-11-28 22:59:56,086 ] 25 root - INFO - Database connection is created successfully
[ 2024-11-28 22:59:56,086 ] 12 root - INFO - Features connection was established
[ 2024-11-28 22:59:56,086 ] 29 root - INFO - Connection was established for features
[ 2024-11-28 22:59:56,086 ] 16 root - INFO - For refresh, the data connection was established.
[ 2024-11-28 22:59:57,228 ] 67 root - INFO - Connection successfully closed.
[ 2024-11-28 22:59:57,228 ] 146 root - INFO - Database connection closed successfully.
[ 2024-11-28 23:00:11,750 ] 30 root - INFO - Successfully connected to the database 'Retail_Store'
[ 2024-11-28 23:00:11,750 ] 25 root - INFO - Database connection is created successfully
[ 2024-11-28 23:00:11,750 ] 12 root - INFO - Features connection was established
[ 2024-11-28 23:00:11,750 ] 29 root - INFO - Connection was established for features
[ 2024-11-28 23:00:11,750 ] 16 root - INFO - For refresh, the data connection was established.
[ 2024-11-28 23:00:11,761 ] 67 root - INFO - Connection successfully closed.
[ 2024-11-28 23:00:11,761 ] 146 root - INFO - Database connection closed successfully.
[ 2024-11-28 23:00:14,822 ] 30 root - INFO - Successfully connected to the database 'Retail_Store'
[ 2024-11-28 23:00:14,822 ] 25 root - INFO - Database connection is created successfully
[ 2024-11-28 23:00:14,822 ] 12 root - INFO - Features connection was established
[ 2024-11-28 23:00:14,822 ] 29 root - INFO - Connection was established for features
[ 2024-11-28 23:00:14,822 ] 16 root - INFO - For refresh, the data connection was established.
[ 2024-11-28 23:00:14,822 ] 67 root - INFO - Connection successfully closed.
[ 2024-11-28 23:00:14,822 ] 146 root - INFO - Database connection closed successfully.
[ 2024-11-28 23:00:31,270 ] 30 root - INFO - Successfully connected to the database 'Retail_Store'
[ 2024-11-28 23:00:31,270 ] 25 root - INFO - Database connection is created successfully
[ 2024-11-28 23:00:31,270 ] 12 root - INFO - Features connection was established
[ 2024-11-28 23:00:31,270 ] 29 root - INFO - Connection was established for features
[ 2024-11-28 23:00:31,270 ] 16 root - INFO - For refresh, the data connection was established.
[ 2024-11-28 23:00:31,328 ] 54 root - INFO - Data fetched successfully for saving to CSV.
[ 2024-11-28 23:00:31,328 ] 70 root - INFO - Existing CSV file found. Appending new transactions.
[ 2024-11-28 23:00:31,343 ] 80 root - INFO - New transactions appended successfully.
[ 2024-11-28 23:00:31,359 ] 67 root - INFO - Connection successfully closed.
[ 2024-11-28 23:00:31,359 ] 146 root - INFO - Database connection closed successfully.
[ 2024-11-28 23:00:53,325 ] 30 root - INFO - Successfully connected to the database 'Retail_Store'
[ 2024-11-28 23:00:53,325 ] 25 root - INFO - Database connection is created successfully
[ 2024-11-28 23:00:53,325 ] 12 root - INFO - Features connection was established
[ 2024-11-28 23:00:53,325 ] 29 root - INFO - Connection was established for features
[ 2024-11-28 23:00:53,325 ] 16 root - INFO - For refresh, the data connection was established.
[ 2024-11-28 23:00:53,421 ] 67 root - INFO - Connection successfully closed.
[ 2024-11-28 23:00:53,421 ] 146 root - INFO - Database connection closed successfully.
[ 2024-11-28 23:02:44,721 ] 30 root - INFO - Successfully connected to the database 'Retail_Store'
[ 2024-11-28 23:02:44,721 ] 25 root - INFO - Database connection is created successfully
[ 2024-11-28 23:02:44,721 ] 12 root - INFO - Features connection was established
[ 2024-11-28 23:02:44,725 ] 29 root - INFO - Connection was established for features
[ 2024-11-28 23:02:44,725 ] 16 root - INFO - For refresh, the data connection was established.
[ 2024-11-28 23:02:44,731 ] 54 root - INFO - Data fetched successfully for saving to CSV.
[ 2024-11-28 23:02:44,731 ] 70 root - INFO - Existing CSV file found. Appending new transactions.
[ 2024-11-28 23:02:44,737 ] 80 root - INFO - New transactions appended successfully.
[ 2024-11-28 23:02:44,740 ] 67 root - INFO - Connection successfully closed.
[ 2024-11-28 23:02:44,741 ] 146 root - INFO - Database connection closed successfully.
[ 2024-11-28 23:02:50,812 ] 30 root - INFO - Successfully connected to the database 'Retail_Store'
[ 2024-11-28 23:02:50,812 ] 25 root - INFO - Database connection is created successfully
[ 2024-11-28 23:02:50,812 ] 12 root - INFO - Features connection was established
[ 2024-11-28 23:02:50,812 ] 29 root - INFO - Connection was established for features
[ 2024-11-28 23:02:50,812 ] 16 root - INFO - For refresh, the data connection was established.
[ 2024-11-28 23:02:50,819 ] 67 root - INFO - Connection successfully closed.
[ 2024-11-28 23:02:50,819 ] 146 root - INFO - Database connection closed successfully.
[ 2024-11-28 23:02:52,465 ] 30 root - INFO - Successfully connected to the database 'Retail_Store'
[ 2024-11-28 23:02:52,465 ] 25 root - INFO - Database connection is created successfully
[ 2024-11-28 23:02:52,465 ] 12 root - INFO - Features connection was established
[ 2024-11-28 23:02:52,465 ] 29 root - INFO - Connection was established for features
[ 2024-11-28 23:02:52,465 ] 16 root - INFO - For refresh, the data connection was established.
[ 2024-11-28 23:02:52,469 ] 67 root - INFO - Connection successfully closed.
[ 2024-11-28 23:02:52,471 ] 146 root - INFO - Database connection closed successfully.
[ 2024-11-28 23:02:54,913 ] 30 root - INFO - Successfully connected to the database 'Retail_Store'
[ 2024-11-28 23:02:54,913 ] 25 root - INFO - Database connection is created successfully
[ 2024-11-28 23:02:54,913 ] 12 root - INFO - Features connection was established
[ 2024-11-28 23:02:54,913 ] 29 root - INFO - Connection was established for features
[ 2024-11-28 23:02:54,913 ] 16 root - INFO - For refresh, the data connection was established.
[ 2024-11-28 23:02:54,913 ] 67 root - INFO - Connection successfully closed.
[ 2024-11-28 23:02:54,925 ] 146 root - INFO - Database connection closed successfully.
[ 2024-11-28 23:02:57,308 ] 30 root - INFO - Successfully connected to the database 'Retail_Store'
[ 2024-11-28 23:02:57,308 ] 25 root - INFO - Database connection is created successfully
[ 2024-11-28 23:02:57,308 ] 12 root - INFO - Features connection was established
[ 2024-11-28 23:02:57,308 ] 29 root - INFO - Connection was established for features
[ 2024-11-28 23:02:57,308 ] 16 root - INFO - For refresh, the data connection was established.
[ 2024-11-28 23:02:57,317 ] 67 root - INFO - Connection successfully closed.
[ 2024-11-28 23:02:57,321 ] 146 root - INFO - Database connection closed successfully.
[ 2024-11-28 23:03:14,919 ] 30 root - INFO - Successfully connected to the database 'Retail_Store'
[ 2024-11-28 23:03:14,919 ] 25 root - INFO - Database connection is created successfully
[ 2024-11-28 23:03:14,919 ] 12 root - INFO - Features connection was established
[ 2024-11-28 23:03:14,919 ] 29 root - INFO - Connection was established for features
[ 2024-11-28 23:03:14,919 ] 16 root - INFO - For refresh, the data connection was established.
[ 2024-11-28 23:03:14,983 ] 54 root - INFO - Data fetched successfully for saving to CSV.
[ 2024-11-28 23:03:14,983 ] 70 root - INFO - Existing CSV file found. Appending new transactions.
[ 2024-11-28 23:03:14,998 ] 80 root - INFO - New transactions appended successfully.
[ 2024-11-28 23:03:14,998 ] 67 root - INFO - Connection successfully closed.
[ 2024-11-28 23:03:15,013 ] 146 root - INFO - Database connection closed successfully.
[ 2024-11-28 23:03:26,068 ] 30 root - INFO - Successfully connected to the database 'Retail_Store'
[ 2024-11-28 23:03:26,068 ] 25 root - INFO - Database connection is created successfully
[ 2024-11-28 23:03:26,068 ] 12 root - INFO - Features connection was established
[ 2024-11-28 23:03:26,068 ] 29 root - INFO - Connection was established for features
[ 2024-11-28 23:03:26,068 ] 16 root - INFO - For refresh, the data connection was established.
[ 2024-11-28 23:03:26,148 ] 67 root - INFO - Connection successfully closed.
[ 2024-11-28 23:03:26,148 ] 146 root - INFO - Database connection closed successfully.
[ 2024-11-28 23:08:15,977 ] 30 root - INFO - Successfully connected to the database 'Retail_Store'
[ 2024-11-28 23:08:15,977 ] 25 root - INFO - Database connection is created successfully
[ 2024-11-28 23:08:15,977 ] 12 root - INFO - Features connection was established
[ 2024-11-28 23:08:15,977 ] 29 root - INFO - Connection was established for features
[ 2024-11-28 23:08:15,977 ] 16 root - INFO - For refresh, the data connection was established.
[ 2024-11-28 23:08:15,992 ] 54 root - INFO - Data fetched successfully for saving to CSV.
[ 2024-11-28 23:08:16,003 ] 70 root - INFO - Existing CSV file found. Appending new transactions.
[ 2024-11-28 23:08:16,008 ] 80 root - INFO - New transactions appended successfully.
[ 2024-11-28 23:08:16,008 ] 67 root - INFO - Connection successfully closed.
[ 2024-11-28 23:08:16,008 ] 146 root - INFO - Database connection closed successfully.
[ 2024-11-28 23:08:23,907 ] 30 root - INFO - Successfully connected to the database 'Retail_Store'
[ 2024-11-28 23:08:23,907 ] 25 root - INFO - Database connection is created successfully
[ 2024-11-28 23:08:23,907 ] 12 root - INFO - Features connection was established
[ 2024-11-28 23:08:23,922 ] 29 root - INFO - Connection was established for features
[ 2024-11-28 23:08:23,922 ] 16 root - INFO - For refresh, the data connection was established.
[ 2024-11-28 23:08:24,026 ] 67 root - INFO - Connection successfully closed.
[ 2024-11-28 23:08:24,029 ] 146 root - INFO - Database connection closed successfully.
